# JRE version: OpenJDK Runtime Environment (11.0.7+10) (build 11.0.7+10-b944.20)
# Java VM: OpenJDK 64-Bit Server VM (11.0.7+10-b944.20, mixed mode, tiered, compressed oops, concurrent mark sweep gc, bsd-amd64)
Heap:
 par new generation   total 39296K, used 13995K [0x0000000780000000, 0x0000000782aa0000, 0x00000007aaaa0000)
  eden space 34944K,  36% used [0x0000000780000000, 0x0000000780c4fc00, 0x0000000782220000)
  from space 4352K,  31% used [0x0000000782220000, 0x000000078237b030, 0x0000000782660000)
  to   space 4352K,   0% used [0x0000000782660000, 0x0000000782660000, 0x0000000782aa0000)
 concurrent mark-sweep generation total 437844K, used 228906K [0x00000007aaaa0000, 0x00000007c5635000, 0x0000000800000000)
 Metaspace       used 309948K, capacity 322848K, committed 323552K, reserved 1329152K
  class space    used 40947K, capacity 45604K, committed 45764K, reserved 1048576K
GC Heap History (20 events):
Event: 58.860 GC heap before
{Heap before GC invocations=102 (full 6):
 par new generation   total 39296K, used 39142K [0x0000000780000000, 0x0000000782aa0000, 0x00000007aaaa0000)
  eden space 34944K, 100% used [0x0000000780000000, 0x0000000782220000, 0x0000000782220000)
  from space 4352K,  96% used [0x0000000782220000, 0x0000000782639860, 0x0000000782660000)
  to   space 4352K,   0% used [0x0000000782660000, 0x0000000782660000, 0x0000000782aa0000)
 concurrent mark-sweep generation total 437844K, used 392621K [0x00000007aaaa0000, 0x00000007c5635000, 0x0000000800000000)
 Metaspace       used 285247K, capacity 296967K, committed 297056K, reserved 1304576K
  class space    used 37766K, capacity 42013K, committed 42052K, reserved 1048576K
}
Event: 58.866 GC heap after
{Heap after GC invocations=103 (full 6):
 par new generation   total 39296K, used 2667K [0x0000000780000000, 0x0000000782aa0000, 0x00000007aaaa0000)
  eden space 34944K,   0% used [0x0000000780000000, 0x0000000780000000, 0x0000000782220000)
  from space 4352K,  61% used [0x0000000782660000, 0x00000007828faee8, 0x0000000782aa0000)
  to   space 4352K,   0% used [0x0000000782220000, 0x0000000782220000, 0x0000000782660000)
 concurrent mark-sweep generation total 437844K, used 395258K [0x00000007aaaa0000, 0x00000007c5635000, 0x0000000800000000)
 Metaspace       used 285247K, capacity 296967K, committed 297056K, reserved 1304576K
  class space    used 37766K, capacity 42013K, committed 42052K, reserved 1048576K
}
Event: 66.944 GC heap before
{Heap before GC invocations=103 (full 6):
 par new generation   total 39296K, used 37611K [0x0000000780000000, 0x0000000782aa0000, 0x00000007aaaa0000)
  eden space 34944K, 100% used [0x0000000780000000, 0x0000000782220000, 0x0000000782220000)
  from space 4352K,  61% used [0x0000000782660000, 0x00000007828faee8, 0x0000000782aa0000)
  to   space 4352K,   0% used [0x0000000782220000, 0x0000000782220000, 0x0000000782660000)
 concurrent mark-sweep generation total 437844K, used 395258K [0x00000007aaaa0000, 0x00000007c5635000, 0x0000000800000000)
 Metaspace       used 288394K, capacity 300249K, committed 300512K, reserved 1308672K
  class space    used 38121K, capacity 42365K, committed 42436K, reserved 1048576K
}
Event: 66.947 GC heap after
{Heap after GC invocations=104 (full 6):
 par new generation   total 39296K, used 2885K [0x0000000780000000, 0x0000000782aa0000, 0x00000007aaaa0000)
  eden space 34944K,   0% used [0x0000000780000000, 0x0000000780000000, 0x0000000782220000)
  from space 4352K,  66% used [0x0000000782220000, 0x00000007824f1658, 0x0000000782660000)
  to   space 4352K,   0% used [0x0000000782660000, 0x0000000782660000, 0x0000000782aa0000)
 concurrent mark-sweep generation total 437844K, used 395258K [0x00000007aaaa0000, 0x00000007c5635000, 0x0000000800000000)
 Metaspace       used 288394K, capacity 300249K, committed 300512K, reserved 1308672K
  class space    used 38121K, capacity 42365K, committed 42436K, reserved 1048576K
}
Event: 67.983 GC heap before
{Heap before GC invocations=104 (full 6):
 par new generation   total 39296K, used 37829K [0x0000000780000000, 0x0000000782aa0000, 0x00000007aaaa0000)
  eden space 34944K, 100% used [0x0000000780000000, 0x0000000782220000, 0x0000000782220000)
  from space 4352K,  66% used [0x0000000782220000, 0x00000007824f1658, 0x0000000782660000)
  to   space 4352K,   0% used [0x0000000782660000, 0x0000000782660000, 0x0000000782aa0000)
 concurrent mark-sweep generation total 437844K, used 395258K [0x00000007aaaa0000, 0x00000007c5635000, 0x0000000800000000)
 Metaspace       used 296767K, capacity 308910K, committed 309344K, reserved 1316864K
  class space    used 39155K, capacity 43551K, committed 43588K, reserved 1048576K
}
Event: 67.986 GC heap after
{Heap after GC invocations=105 (full 6):
 par new generation   total 39296K, used 4352K [0x0000000780000000, 0x0000000782aa0000, 0x00000007aaaa0000)
  eden space 34944K,   0% used [0x0000000780000000, 0x0000000780000000, 0x0000000782220000)
  from space 4352K, 100% used [0x0000000782660000, 0x0000000782aa0000, 0x0000000782aa0000)
  to   space 4352K,   0% used [0x0000000782220000, 0x0000000782220000, 0x0000000782660000)
 concurrent mark-sweep generation total 437844K, used 396622K [0x00000007aaaa0000, 0x00000007c5635000, 0x0000000800000000)
 Metaspace       used 296767K, capacity 308910K, committed 309344K, reserved 1316864K
  class space    used 39155K, capacity 43551K, committed 43588K, reserved 1048576K
}
Event: 83.541 GC heap before
{Heap before GC invocations=105 (full 6):
 par new generation   total 39296K, used 39296K [0x0000000780000000, 0x0000000782aa0000, 0x00000007aaaa0000)
  eden space 34944K, 100% used [0x0000000780000000, 0x0000000782220000, 0x0000000782220000)
  from space 4352K, 100% used [0x0000000782660000, 0x0000000782aa0000, 0x0000000782aa0000)
  to   space 4352K,   0% used [0x0000000782220000, 0x0000000782220000, 0x0000000782660000)
 concurrent mark-sweep generation total 437844K, used 396622K [0x00000007aaaa0000, 0x00000007c5635000, 0x0000000800000000)
 Metaspace       used 303177K, capacity 315844K, committed 316256K, reserved 1323008K
  class space    used 39811K, capacity 44342K, committed 44356K, reserved 1048576K
}
Event: 83.550 GC heap after
{Heap after GC invocations=106 (full 6):
 par new generation   total 39296K, used 3441K [0x0000000780000000, 0x0000000782aa0000, 0x00000007aaaa0000)
  eden space 34944K,   0% used [0x0000000780000000, 0x0000000780000000, 0x0000000782220000)
  from space 4352K,  79% used [0x0000000782220000, 0x000000078257c6b0, 0x0000000782660000)
  to   space 4352K,   0% used [0x0000000782660000, 0x0000000782660000, 0x0000000782aa0000)
 concurrent mark-sweep generation total 437844K, used 400136K [0x00000007aaaa0000, 0x00000007c5635000, 0x0000000800000000)
 Metaspace       used 303177K, capacity 315844K, committed 316256K, reserved 1323008K
  class space    used 39811K, capacity 44342K, committed 44356K, reserved 1048576K
}
Event: 87.118 GC heap before
{Heap before GC invocations=106 (full 6):
 par new generation   total 39296K, used 38385K [0x0000000780000000, 0x0000000782aa0000, 0x00000007aaaa0000)
  eden space 34944K, 100% used [0x0000000780000000, 0x0000000782220000, 0x0000000782220000)
  from space 4352K,  79% used [0x0000000782220000, 0x000000078257c6b0, 0x0000000782660000)
  to   space 4352K,   0% used [0x0000000782660000, 0x0000000782660000, 0x0000000782aa0000)
 concurrent mark-sweep generation total 437844K, used 400136K [0x00000007aaaa0000, 0x00000007c5635000, 0x0000000800000000)
 Metaspace       used 308546K, capacity 321387K, committed 321760K, reserved 1327104K
  class space    used 40788K, capacity 45382K, committed 45508K, reserved 1048576K
}
Event: 87.122 GC heap after
{Heap after GC invocations=107 (full 6):
 par new generation   total 39296K, used 4352K [0x0000000780000000, 0x0000000782aa0000, 0x00000007aaaa0000)
  eden space 34944K,   0% used [0x0000000780000000, 0x0000000780000000, 0x0000000782220000)
  from space 4352K, 100% used [0x0000000782660000, 0x0000000782aa0000, 0x0000000782aa0000)
  to   space 4352K,   0% used [0x0000000782220000, 0x0000000782220000, 0x0000000782660000)
 concurrent mark-sweep generation total 437844K, used 400580K [0x00000007aaaa0000, 0x00000007c5635000, 0x0000000800000000)
 Metaspace       used 308546K, capacity 321387K, committed 321760K, reserved 1327104K
  class space    used 40788K, capacity 45382K, committed 45508K, reserved 1048576K
}
Event: 99.621 GC heap before
{Heap before GC invocations=107 (full 6):
 par new generation   total 39296K, used 39296K [0x0000000780000000, 0x0000000782aa0000, 0x00000007aaaa0000)
  eden space 34944K, 100% used [0x0000000780000000, 0x0000000782220000, 0x0000000782220000)
  from space 4352K, 100% used [0x0000000782660000, 0x0000000782aa0000, 0x0000000782aa0000)
  to   space 4352K,   0% used [0x0000000782220000, 0x0000000782220000, 0x0000000782660000)
 concurrent mark-sweep generation total 437844K, used 400580K [0x00000007aaaa0000, 0x00000007c5635000, 0x0000000800000000)
 Metaspace       used 309735K, capacity 322821K, committed 323040K, reserved 1327104K
  class space    used 40978K, capacity 45717K, committed 45764K, reserved 1048576K
}
Event: 99.631 GC heap after
{Heap after GC invocations=108 (full 6):
 par new generation   total 39296K, used 3612K [0x0000000780000000, 0x0000000782aa0000, 0x00000007aaaa0000)
  eden space 34944K,   0% used [0x0000000780000000, 0x0000000780000000, 0x0000000782220000)
  from space 4352K,  83% used [0x0000000782220000, 0x00000007825a72c0, 0x0000000782660000)
  to   space 4352K,   0% used [0x0000000782660000, 0x0000000782660000, 0x0000000782aa0000)
 concurrent mark-sweep generation total 437844K, used 404570K [0x00000007aaaa0000, 0x00000007c5635000, 0x0000000800000000)
 Metaspace       used 309735K, capacity 322821K, committed 323040K, reserved 1327104K
  class space    used 40978K, capacity 45717K, committed 45764K, reserved 1048576K
}
Event: 137.596 GC heap before
{Heap before GC invocations=108 (full 7):
 par new generation   total 39296K, used 38556K [0x0000000780000000, 0x0000000782aa0000, 0x00000007aaaa0000)
  eden space 34944K, 100% used [0x0000000780000000, 0x0000000782220000, 0x0000000782220000)
  from space 4352K,  83% used [0x0000000782220000, 0x00000007825a72c0, 0x0000000782660000)
  to   space 4352K,   0% used [0x0000000782660000, 0x0000000782660000, 0x0000000782aa0000)
 concurrent mark-sweep generation total 437844K, used 228906K [0x00000007aaaa0000, 0x00000007c5635000, 0x0000000800000000)
 Metaspace       used 309406K, capacity 322296K, committed 323040K, reserved 1327104K
  class space    used 40892K, capacity 45552K, committed 45764K, reserved 1048576K
}
Event: 137.600 GC heap after
{Heap after GC invocations=109 (full 7):
 par new generation   total 39296K, used 1554K [0x0000000780000000, 0x0000000782aa0000, 0x00000007aaaa0000)
  eden space 34944K,   0% used [0x0000000780000000, 0x0000000780000000, 0x0000000782220000)
  from space 4352K,  35% used [0x0000000782660000, 0x00000007827e4b70, 0x0000000782aa0000)
  to   space 4352K,   0% used [0x0000000782220000, 0x0000000782220000, 0x0000000782660000)
 concurrent mark-sweep generation total 437844K, used 228906K [0x00000007aaaa0000, 0x00000007c5635000, 0x0000000800000000)
 Metaspace       used 309406K, capacity 322296K, committed 323040K, reserved 1327104K
  class space    used 40892K, capacity 45552K, committed 45764K, reserved 1048576K
}
Event: 144.041 GC heap before
{Heap before GC invocations=109 (full 7):
 par new generation   total 39296K, used 36498K [0x0000000780000000, 0x0000000782aa0000, 0x00000007aaaa0000)
  eden space 34944K, 100% used [0x0000000780000000, 0x0000000782220000, 0x0000000782220000)
  from space 4352K,  35% used [0x0000000782660000, 0x00000007827e4b70, 0x0000000782aa0000)
  to   space 4352K,   0% used [0x0000000782220000, 0x0000000782220000, 0x0000000782660000)
 concurrent mark-sweep generation total 437844K, used 228906K [0x00000007aaaa0000, 0x00000007c5635000, 0x0000000800000000)
 Metaspace       used 309496K, capacity 322378K, committed 323040K, reserved 1327104K
  class space    used 40894K, capacity 45555K, committed 45764K, reserved 1048576K
}
Event: 144.043 GC heap after
{Heap after GC invocations=110 (full 7):
 par new generation   total 39296K, used 1178K [0x0000000780000000, 0x0000000782aa0000, 0x00000007aaaa0000)
  eden space 34944K,   0% used [0x0000000780000000, 0x0000000780000000, 0x0000000782220000)
  from space 4352K,  27% used [0x0000000782220000, 0x0000000782346ba0, 0x0000000782660000)
  to   space 4352K,   0% used [0x0000000782660000, 0x0000000782660000, 0x0000000782aa0000)
 concurrent mark-sweep generation total 437844K, used 228906K [0x00000007aaaa0000, 0x00000007c5635000, 0x0000000800000000)
 Metaspace       used 309496K, capacity 322378K, committed 323040K, reserved 1327104K
  class space    used 40894K, capacity 45555K, committed 45764K, reserved 1048576K
}
Event: 152.577 GC heap before
{Heap before GC invocations=110 (full 7):
 par new generation   total 39296K, used 36122K [0x0000000780000000, 0x0000000782aa0000, 0x00000007aaaa0000)
  eden space 34944K, 100% used [0x0000000780000000, 0x0000000782220000, 0x0000000782220000)
  from space 4352K,  27% used [0x0000000782220000, 0x0000000782346ba0, 0x0000000782660000)
  to   space 4352K,   0% used [0x0000000782660000, 0x0000000782660000, 0x0000000782aa0000)
 concurrent mark-sweep generation total 437844K, used 228906K [0x00000007aaaa0000, 0x00000007c5635000, 0x0000000800000000)
 Metaspace       used 309629K, capacity 322514K, committed 323296K, reserved 1327104K
  class space    used 40899K, capacity 45557K, committed 45764K, reserved 1048576K
}
Event: 152.579 GC heap after
{Heap after GC invocations=111 (full 7):
 par new generation   total 39296K, used 1250K [0x0000000780000000, 0x0000000782aa0000, 0x00000007aaaa0000)
  eden space 34944K,   0% used [0x0000000780000000, 0x0000000780000000, 0x0000000782220000)
  from space 4352K,  28% used [0x0000000782660000, 0x0000000782798bd0, 0x0000000782aa0000)
  to   space 4352K,   0% used [0x0000000782220000, 0x0000000782220000, 0x0000000782660000)
 concurrent mark-sweep generation total 437844K, used 228906K [0x00000007aaaa0000, 0x00000007c5635000, 0x0000000800000000)
 Metaspace       used 309629K, capacity 322514K, committed 323296K, reserved 1327104K
  class space    used 40899K, capacity 45557K, committed 45764K, reserved 1048576K
}
Event: 156.873 GC heap before
{Heap before GC invocations=111 (full 7):
 par new generation   total 39296K, used 36194K [0x0000000780000000, 0x0000000782aa0000, 0x00000007aaaa0000)
  eden space 34944K, 100% used [0x0000000780000000, 0x0000000782220000, 0x0000000782220000)
  from space 4352K,  28% used [0x0000000782660000, 0x0000000782798bd0, 0x0000000782aa0000)
  to   space 4352K,   0% used [0x0000000782220000, 0x0000000782220000, 0x0000000782660000)
 concurrent mark-sweep generation total 437844K, used 228906K [0x00000007aaaa0000, 0x00000007c5635000, 0x0000000800000000)
 Metaspace       used 309726K, capacity 322614K, committed 323296K, reserved 1327104K
  class space    used 40914K, capacity 45590K, committed 45764K, reserved 1048576K
}
Event: 156.876 GC heap after
{Heap after GC invocations=112 (full 7):
 par new generation   total 39296K, used 1388K [0x0000000780000000, 0x0000000782aa0000, 0x00000007aaaa0000)
  eden space 34944K,   0% used [0x0000000780000000, 0x0000000780000000, 0x0000000782220000)
  from space 4352K,  31% used [0x0000000782220000, 0x000000078237b030, 0x0000000782660000)
  to   space 4352K,   0% used [0x0000000782660000, 0x0000000782660000, 0x0000000782aa0000)
 concurrent mark-sweep generation total 437844K, used 228906K [0x00000007aaaa0000, 0x00000007c5635000, 0x0000000800000000)
 Metaspace       used 309726K, capacity 322614K, committed 323296K, reserved 1327104K
  class space    used 40914K, capacity 45590K, committed 45764K, reserved 1048576K
}

